# JRE version: OpenJDK Runtime Environment Temurin-21.0.11+10 (21.0.11+10) (build 21.0.11+10-LTS)
# Java VM: OpenJDK 64-Bit Server VM Temurin-21.0.11+10 (21.0.11+10-LTS, mixed mode, sharing, tiered, compressed oops, compressed class ptrs, parallel gc, windows-amd64)
GC Precious Log:
 CardTable entry size: 512
 CPUs: 4 total, 4 available
 Memory: 3690M
 Large Page Support: Disabled
 NUMA Support: Disabled
 Compressed Oops: Enabled (32-bit)
 Alignments: Space 512K, Generation 512K, Heap 2M
 Heap Min Capacity: 100M
 Heap Initial Capacity: 100M
 Heap Max Capacity: 2G
 Pre-touch: Disabled
 Parallel Workers: 4
Heap:
 PSYoungGen      total 22528K, used 19252K [0x00000000d5580000, 0x00000000d6f80000, 0x0000000100000000)
  eden space 20480K, 86% used [0x00000000d5580000,0x00000000d66b52a0,0x00000000d6980000)
  from space 2048K, 79% used [0x00000000d6980000,0x00000000d6b18000,0x00000000d6b80000)
  to   space 3072K, 0% used [0x00000000d6c80000,0x00000000d6c80000,0x00000000d6f80000)
 ParOldGen       total 68608K, used 55985K [0x0000000080000000, 0x0000000084300000, 0x00000000d5580000)
  object space 68608K, 81% used [0x0000000080000000,0x00000000836ac530,0x0000000084300000)
 Metaspace       used 57437K, committed 58816K, reserved 1114112K
  class space    used 6167K, committed 6784K, reserved 1048576K
GC Heap History (20 events):
Event: 27.516 GC heap before
{Heap before GC invocations=26 (full 2):
 PSYoungGen      total 24064K, used 23605K [0x00000000d5580000, 0x00000000d6f80000, 0x0000000100000000)
  eden space 21504K, 100% used [0x00000000d5580000,0x00000000d6a80000,0x00000000d6a80000)
  from space 2560K, 82% used [0x00000000d6c00000,0x00000000d6e0d4c8,0x00000000d6e80000)
  to   space 1024K, 0% used [0x00000000d6e80000,0x00000000d6e80000,0x00000000d6f80000)
 ParOldGen       total 68608K, used 35157K [0x0000000080000000, 0x0000000084300000, 0x00000000d5580000)
  object space 68608K, 51% used [0x0000000080000000,0x00000000822554f8,0x0000000084300000)
 Metaspace       used 47223K, committed 48512K, reserved 1114112K
  class space    used 5147K, committed 5760K, reserved 1048576K
}
Event: 27.524 GC heap after
{Heap after GC invocations=26 (full 2):
 PSYoungGen      total 22528K, used 1024K [0x00000000d5580000, 0x00000000d7280000, 0x0000000100000000)
  eden space 21504K, 0% used [0x00000000d5580000,0x00000000d5580000,0x00000000d6a80000)
  from space 1024K, 100% used [0x00000000d6e80000,0x00000000d6f80000,0x00000000d6f80000)
  to   space 4096K, 0% used [0x00000000d6a80000,0x00000000d6a80000,0x00000000d6e80000)
 ParOldGen       total 68608K, used 37616K [0x0000000080000000, 0x0000000084300000, 0x00000000d5580000)
  object space 68608K, 54% used [0x0000000080000000,0x00000000824bc310,0x0000000084300000)
 Metaspace       used 47223K, committed 48512K, reserved 1114112K
  class space    used 5147K, committed 5760K, reserved 1048576K
}
Event: 28.026 GC heap before
{Heap before GC invocations=27 (full 2):
 PSYoungGen      total 22528K, used 22528K [0x00000000d5580000, 0x00000000d7280000, 0x0000000100000000)
  eden space 21504K, 100% used [0x00000000d5580000,0x00000000d6a80000,0x00000000d6a80000)
  from space 1024K, 100% used [0x00000000d6e80000,0x00000000d6f80000,0x00000000d6f80000)
  to   space 4096K, 0% used [0x00000000d6a80000,0x00000000d6a80000,0x00000000d6e80000)
 ParOldGen       total 68608K, used 37616K [0x0000000080000000, 0x0000000084300000, 0x00000000d5580000)
  object space 68608K, 54% used [0x0000000080000000,0x00000000824bc310,0x0000000084300000)
 Metaspace       used 48064K, committed 49344K, reserved 1114112K
  class space    used 5236K, committed 5824K, reserved 1048576K
}
Event: 28.032 GC heap after
{Heap after GC invocations=27 (full 2):
 PSYoungGen      total 25600K, used 4075K [0x00000000d5580000, 0x00000000d7680000, 0x0000000100000000)
  eden space 21504K, 0% used [0x00000000d5580000,0x00000000d5580000,0x00000000d6a80000)
  from space 4096K, 99% used [0x00000000d6a80000,0x00000000d6e7af38,0x00000000d6e80000)
  to   space 6144K, 0% used [0x00000000d7080000,0x00000000d7080000,0x00000000d7680000)
 ParOldGen       total 68608K, used 38889K [0x0000000080000000, 0x0000000084300000, 0x00000000d5580000)
  object space 68608K, 56% used [0x0000000080000000,0x00000000825fa510,0x0000000084300000)
 Metaspace       used 48064K, committed 49344K, reserved 1114112K
  class space    used 5236K, committed 5824K, reserved 1048576K
}
Event: 29.164 GC heap before
{Heap before GC invocations=28 (full 2):
 PSYoungGen      total 25600K, used 25579K [0x00000000d5580000, 0x00000000d7680000, 0x0000000100000000)
  eden space 21504K, 100% used [0x00000000d5580000,0x00000000d6a80000,0x00000000d6a80000)
  from space 4096K, 99% used [0x00000000d6a80000,0x00000000d6e7af38,0x00000000d6e80000)
  to   space 6144K, 0% used [0x00000000d7080000,0x00000000d7080000,0x00000000d7680000)
 ParOldGen       total 68608K, used 38889K [0x0000000080000000, 0x0000000084300000, 0x00000000d5580000)
  object space 68608K, 56% used [0x0000000080000000,0x00000000825fa510,0x0000000084300000)
 Metaspace       used 50285K, committed 51584K, reserved 1114112K
  class space    used 5466K, committed 6080K, reserved 1048576K
}
Event: 29.176 GC heap after
{Heap after GC invocations=28 (full 2):
 PSYoungGen      total 25600K, used 3795K [0x00000000d5580000, 0x00000000d7480000, 0x0000000100000000)
  eden space 21504K, 0% used [0x00000000d5580000,0x00000000d5580000,0x00000000d6a80000)
  from space 4096K, 92% used [0x00000000d7080000,0x00000000d7434fd8,0x00000000d7480000)
  to   space 4608K, 0% used [0x00000000d6b80000,0x00000000d6b80000,0x00000000d7000000)
 ParOldGen       total 68608K, used 42908K [0x0000000080000000, 0x0000000084300000, 0x00000000d5580000)
  object space 68608K, 62% used [0x0000000080000000,0x00000000829e7038,0x0000000084300000)
 Metaspace       used 50285K, committed 51584K, reserved 1114112K
  class space    used 5466K, committed 6080K, reserved 1048576K
}
Event: 30.909 GC heap before
{Heap before GC invocations=29 (full 2):
 PSYoungGen      total 25600K, used 25299K [0x00000000d5580000, 0x00000000d7480000, 0x0000000100000000)
  eden space 21504K, 100% used [0x00000000d5580000,0x00000000d6a80000,0x00000000d6a80000)
  from space 4096K, 92% used [0x00000000d7080000,0x00000000d7434fd8,0x00000000d7480000)
  to   space 4608K, 0% used [0x00000000d6b80000,0x00000000d6b80000,0x00000000d7000000)
 ParOldGen       total 68608K, used 42908K [0x0000000080000000, 0x0000000084300000, 0x00000000d5580000)
  object space 68608K, 62% used [0x0000000080000000,0x00000000829e7038,0x0000000084300000)
 Metaspace       used 51713K, committed 53056K, reserved 1114112K
  class space    used 5661K, committed 6272K, reserved 1048576K
}
Event: 30.916 GC heap after
{Heap after GC invocations=29 (full 2):
 PSYoungGen      total 22528K, used 674K [0x00000000d5580000, 0x00000000d7100000, 0x0000000100000000)
  eden space 21504K, 0% used [0x00000000d5580000,0x00000000d5580000,0x00000000d6a80000)
  from space 1024K, 65% used [0x00000000d6b80000,0x00000000d6c28b38,0x00000000d6c80000)
  to   space 2048K, 0% used [0x00000000d6f00000,0x00000000d6f00000,0x00000000d7100000)
 ParOldGen       total 68608K, used 46445K [0x0000000080000000, 0x0000000084300000, 0x00000000d5580000)
  object space 68608K, 67% used [0x0000000080000000,0x0000000082d5b5d0,0x0000000084300000)
 Metaspace       used 51713K, committed 53056K, reserved 1114112K
  class space    used 5661K, committed 6272K, reserved 1048576K
}
Event: 32.004 GC heap before
{Heap before GC invocations=30 (full 2):
 PSYoungGen      total 22528K, used 22178K [0x00000000d5580000, 0x00000000d7100000, 0x0000000100000000)
  eden space 21504K, 100% used [0x00000000d5580000,0x00000000d6a80000,0x00000000d6a80000)
  from space 1024K, 65% used [0x00000000d6b80000,0x00000000d6c28b38,0x00000000d6c80000)
  to   space 2048K, 0% used [0x00000000d6f00000,0x00000000d6f00000,0x00000000d7100000)
 ParOldGen       total 68608K, used 46445K [0x0000000080000000, 0x0000000084300000, 0x00000000d5580000)
  object space 68608K, 67% used [0x0000000080000000,0x0000000082d5b5d0,0x0000000084300000)
 Metaspace       used 53365K, committed 54720K, reserved 1114112K
  class space    used 5799K, committed 6400K, reserved 1048576K
}
Event: 32.006 GC heap after
{Heap after GC invocations=30 (full 2):
 PSYoungGen      total 23040K, used 1205K [0x00000000d5580000, 0x00000000d7080000, 0x0000000100000000)
  eden space 21504K, 0% used [0x00000000d5580000,0x00000000d5580000,0x00000000d6a80000)
  from space 1536K, 78% used [0x00000000d6f00000,0x00000000d702d680,0x00000000d7080000)
  to   space 1536K, 0% used [0x00000000d6d80000,0x00000000d6d80000,0x00000000d6f00000)
 ParOldGen       total 68608K, used 47043K [0x0000000080000000, 0x0000000084300000, 0x00000000d5580000)
  object space 68608K, 68% used [0x0000000080000000,0x0000000082df0c78,0x0000000084300000)
 Metaspace       used 53365K, committed 54720K, reserved 1114112K
  class space    used 5799K, committed 6400K, reserved 1048576K
}
Event: 33.834 GC heap before
{Heap before GC invocations=31 (full 2):
 PSYoungGen      total 23040K, used 22709K [0x00000000d5580000, 0x00000000d7080000, 0x0000000100000000)
  eden space 21504K, 100% used [0x00000000d5580000,0x00000000d6a80000,0x00000000d6a80000)
  from space 1536K, 78% used [0x00000000d6f00000,0x00000000d702d680,0x00000000d7080000)
  to   space 1536K, 0% used [0x00000000d6d80000,0x00000000d6d80000,0x00000000d6f00000)
 ParOldGen       total 68608K, used 47043K [0x0000000080000000, 0x0000000084300000, 0x00000000d5580000)
  object space 68608K, 68% used [0x0000000080000000,0x0000000082df0c78,0x0000000084300000)
 Metaspace       used 54925K, committed 56320K, reserved 1114112K
  class space    used 5966K, committed 6592K, reserved 1048576K
}
Event: 33.843 GC heap after
{Heap after GC invocations=31 (full 2):
 PSYoungGen      total 23040K, used 1528K [0x00000000d5580000, 0x00000000d7580000, 0x0000000100000000)
  eden space 21504K, 0% used [0x00000000d5580000,0x00000000d5580000,0x00000000d6a80000)
  from space 1536K, 99% used [0x00000000d6d80000,0x00000000d6efe110,0x00000000d6f00000)
  to   space 5632K, 0% used [0x00000000d7000000,0x00000000d7000000,0x00000000d7580000)
 ParOldGen       total 68608K, used 50334K [0x0000000080000000, 0x0000000084300000, 0x00000000d5580000)
  object space 68608K, 73% used [0x0000000080000000,0x0000000083127968,0x0000000084300000)
 Metaspace       used 54925K, committed 56320K, reserved 1114112K
  class space    used 5966K, committed 6592K, reserved 1048576K
}
Event: 36.696 GC heap before
{Heap before GC invocations=32 (full 2):
 PSYoungGen      total 23040K, used 23032K [0x00000000d5580000, 0x00000000d7580000, 0x0000000100000000)
  eden space 21504K, 100% used [0x00000000d5580000,0x00000000d6a80000,0x00000000d6a80000)
  from space 1536K, 99% used [0x00000000d6d80000,0x00000000d6efe110,0x00000000d6f00000)
  to   space 5632K, 0% used [0x00000000d7000000,0x00000000d7000000,0x00000000d7580000)
 ParOldGen       total 68608K, used 50334K [0x0000000080000000, 0x0000000084300000, 0x00000000d5580000)
  object space 68608K, 73% used [0x0000000080000000,0x0000000083127968,0x0000000084300000)
 Metaspace       used 55430K, committed 56704K, reserved 1114112K
  class space    used 6007K, committed 6592K, reserved 1048576K
}
Event: 36.703 GC heap after
{Heap after GC invocations=32 (full 2):
 PSYoungGen      total 22528K, used 1024K [0x00000000d5580000, 0x00000000d7100000, 0x0000000100000000)
  eden space 21504K, 0% used [0x00000000d5580000,0x00000000d5580000,0x00000000d6a80000)
  from space 1024K, 100% used [0x00000000d7000000,0x00000000d7100000,0x00000000d7100000)
  to   space 2560K, 0% used [0x00000000d6c00000,0x00000000d6c00000,0x00000000d6e80000)
 ParOldGen       total 68608K, used 51004K [0x0000000080000000, 0x0000000084300000, 0x00000000d5580000)
  object space 68608K, 74% used [0x0000000080000000,0x00000000831cf0a0,0x0000000084300000)
 Metaspace       used 55430K, committed 56704K, reserved 1114112K
  class space    used 6007K, committed 6592K, reserved 1048576K
}
Event: 39.200 GC heap before
{Heap before GC invocations=33 (full 2):
 PSYoungGen      total 22528K, used 22528K [0x00000000d5580000, 0x00000000d7100000, 0x0000000100000000)
  eden space 21504K, 100% used [0x00000000d5580000,0x00000000d6a80000,0x00000000d6a80000)
  from space 1024K, 100% used [0x00000000d7000000,0x00000000d7100000,0x00000000d7100000)
  to   space 2560K, 0% used [0x00000000d6c00000,0x00000000d6c00000,0x00000000d6e80000)
 ParOldGen       total 68608K, used 51004K [0x0000000080000000, 0x0000000084300000, 0x00000000d5580000)
  object space 68608K, 74% used [0x0000000080000000,0x00000000831cf0a0,0x0000000084300000)
 Metaspace       used 56584K, committed 57920K, reserved 1114112K
  class space    used 6120K, committed 6720K, reserved 1048576K
}
Event: 39.214 GC heap after
{Heap after GC invocations=33 (full 2):
 PSYoungGen      total 24064K, used 2240K [0x00000000d5580000, 0x00000000d7080000, 0x0000000100000000)
  eden space 21504K, 0% used [0x00000000d5580000,0x00000000d5580000,0x00000000d6a80000)
  from space 2560K, 87% used [0x00000000d6c00000,0x00000000d6e30000,0x00000000d6e80000)
  to   space 2048K, 0% used [0x00000000d6e80000,0x00000000d6e80000,0x00000000d7080000)
 ParOldGen       total 68608K, used 51869K [0x0000000080000000, 0x0000000084300000, 0x00000000d5580000)
  object space 68608K, 75% used [0x0000000080000000,0x00000000832a7700,0x0000000084300000)
 Metaspace       used 56584K, committed 57920K, reserved 1114112K
  class space    used 6120K, committed 6720K, reserved 1048576K
}
Event: 40.555 GC heap before
{Heap before GC invocations=34 (full 2):
 PSYoungGen      total 24064K, used 23744K [0x00000000d5580000, 0x00000000d7080000, 0x0000000100000000)
  eden space 21504K, 100% used [0x00000000d5580000,0x00000000d6a80000,0x00000000d6a80000)
  from space 2560K, 87% used [0x00000000d6c00000,0x00000000d6e30000,0x00000000d6e80000)
  to   space 2048K, 0% used [0x00000000d6e80000,0x00000000d6e80000,0x00000000d7080000)
 ParOldGen       total 68608K, used 51869K [0x0000000080000000, 0x0000000084300000, 0x00000000d5580000)
  object space 68608K, 75% used [0x0000000080000000,0x00000000832a7700,0x0000000084300000)
 Metaspace       used 56820K, committed 58176K, reserved 1114112K
  class space    used 6122K, committed 6720K, reserved 1048576K
}
Event: 40.564 GC heap after
{Heap after GC invocations=34 (full 2):
 PSYoungGen      total 22528K, used 2048K [0x00000000d5580000, 0x00000000d7480000, 0x0000000100000000)
  eden space 20480K, 0% used [0x00000000d5580000,0x00000000d5580000,0x00000000d6980000)
  from space 2048K, 100% used [0x00000000d6e80000,0x00000000d7080000,0x00000000d7080000)
  to   space 5120K, 0% used [0x00000000d6980000,0x00000000d6980000,0x00000000d6e80000)
 ParOldGen       total 68608K, used 54061K [0x0000000080000000, 0x0000000084300000, 0x00000000d5580000)
  object space 68608K, 78% used [0x0000000080000000,0x00000000834cb720,0x0000000084300000)
 Metaspace       used 56820K, committed 58176K, reserved 1114112K
  class space    used 6122K, committed 6720K, reserved 1048576K
}
Event: 42.882 GC heap before
{Heap before GC invocations=35 (full 2):
 PSYoungGen      total 22528K, used 22528K [0x00000000d5580000, 0x00000000d7480000, 0x0000000100000000)
  eden space 20480K, 100% used [0x00000000d5580000,0x00000000d6980000,0x00000000d6980000)
  from space 2048K, 100% used [0x00000000d6e80000,0x00000000d7080000,0x00000000d7080000)
  to   space 5120K, 0% used [0x00000000d6980000,0x00000000d6980000,0x00000000d6e80000)
 ParOldGen       total 68608K, used 54061K [0x0000000080000000, 0x0000000084300000, 0x00000000d5580000)
  object space 68608K, 78% used [0x0000000080000000,0x00000000834cb720,0x0000000084300000)
 Metaspace       used 57049K, committed 58368K, reserved 1114112K
  class space    used 6127K, committed 6720K, reserved 1048576K
}
Event: 42.889 GC heap after
{Heap after GC invocations=35 (full 2):
 PSYoungGen      total 22528K, used 1632K [0x00000000d5580000, 0x00000000d6f80000, 0x0000000100000000)
  eden space 20480K, 0% used [0x00000000d5580000,0x00000000d5580000,0x00000000d6980000)
  from space 2048K, 79% used [0x00000000d6980000,0x00000000d6b18000,0x00000000d6b80000)
  to   space 3072K, 0% used [0x00000000d6c80000,0x00000000d6c80000,0x00000000d6f80000)
 ParOldGen       total 68608K, used 55985K [0x0000000080000000, 0x0000000084300000, 0x00000000d5580000)
  object space 68608K, 81% used [0x0000000080000000,0x00000000836ac530,0x0000000084300000)
 Metaspace       used 57049K, committed 58368K, reserved 1114112K
  class space    used 6127K, committed 6720K, reserved 1048576K
}

