# JRE version: OpenJDK Runtime Environment Temurin-21.0.11+10 (21.0.11+10) (build 21.0.11+10-LTS)
# Java VM: OpenJDK 64-Bit Server VM Temurin-21.0.11+10 (21.0.11+10-LTS, mixed mode, sharing, tiered, compressed oops, compressed class ptrs, parallel gc, windows-amd64)
GC Precious Log:
 CardTable entry size: 512
 CPUs: 4 total, 4 available
 Memory: 3690M
 Large Page Support: Disabled
 NUMA Support: Disabled
 Compressed Oops: Enabled (32-bit)
 Alignments: Space 512K, Generation 512K, Heap 2M
 Heap Min Capacity: 100M
 Heap Initial Capacity: 100M
 Heap Max Capacity: 2G
 Pre-touch: Disabled
 Parallel Workers: 4
Heap:
 PSYoungGen      total 12800K, used 8747K [0x00000000d5580000, 0x00000000d6500000, 0x0000000100000000)
  eden space 11776K, 65% used [0x00000000d5580000,0x00000000d5d0ef10,0x00000000d6100000)
  from space 1024K, 98% used [0x00000000d6300000,0x00000000d63fc010,0x00000000d6400000)
  to   space 2048K, 0% used [0x00000000d6100000,0x00000000d6100000,0x00000000d6300000)
 ParOldGen       total 68608K, used 65245K [0x0000000080000000, 0x0000000084300000, 0x00000000d5580000)
  object space 68608K, 95% used [0x0000000080000000,0x0000000083fb7468,0x0000000084300000)
 Metaspace       used 57354K, committed 58624K, reserved 1114112K
  class space    used 6133K, committed 6656K, reserved 1048576K
GC Heap History (20 events):
Event: 187.606 GC heap before
{Heap before GC invocations=37 (full 2):
 PSYoungGen      total 12288K, used 12267K [0x00000000d5580000, 0x00000000d6500000, 0x0000000100000000)
  eden space 11776K, 100% used [0x00000000d5580000,0x00000000d6100000,0x00000000d6100000)
  from space 512K, 96% used [0x00000000d6480000,0x00000000d64fae40,0x00000000d6500000)
  to   space 1536K, 0% used [0x00000000d6200000,0x00000000d6200000,0x00000000d6380000)
 ParOldGen       total 68608K, used 54246K [0x0000000080000000, 0x0000000084300000, 0x00000000d5580000)
  object space 68608K, 79% used [0x0000000080000000,0x00000000834f9a08,0x0000000084300000)
 Metaspace       used 53629K, committed 54912K, reserved 1114112K
  class space    used 5788K, committed 6336K, reserved 1048576K
}
Event: 187.679 GC heap after
{Heap after GC invocations=37 (full 2):
 PSYoungGen      total 13312K, used 1522K [0x00000000d5580000, 0x00000000d6900000, 0x0000000100000000)
  eden space 11776K, 0% used [0x00000000d5580000,0x00000000d5580000,0x00000000d6100000)
  from space 1536K, 99% used [0x00000000d6200000,0x00000000d637c840,0x00000000d6380000)
  to   space 4096K, 0% used [0x00000000d6500000,0x00000000d6500000,0x00000000d6900000)
 ParOldGen       total 68608K, used 56318K [0x0000000080000000, 0x0000000084300000, 0x00000000d5580000)
  object space 68608K, 82% used [0x0000000080000000,0x00000000836ffb58,0x0000000084300000)
 Metaspace       used 53629K, committed 54912K, reserved 1114112K
  class space    used 5788K, committed 6336K, reserved 1048576K
}
Event: 195.278 GC heap before
{Heap before GC invocations=38 (full 2):
 PSYoungGen      total 13312K, used 13298K [0x00000000d5580000, 0x00000000d6900000, 0x0000000100000000)
  eden space 11776K, 100% used [0x00000000d5580000,0x00000000d6100000,0x00000000d6100000)
  from space 1536K, 99% used [0x00000000d6200000,0x00000000d637c840,0x00000000d6380000)
  to   space 4096K, 0% used [0x00000000d6500000,0x00000000d6500000,0x00000000d6900000)
 ParOldGen       total 68608K, used 56318K [0x0000000080000000, 0x0000000084300000, 0x00000000d5580000)
  object space 68608K, 82% used [0x0000000080000000,0x00000000836ffb58,0x0000000084300000)
 Metaspace       used 55070K, committed 56448K, reserved 1114112K
  class space    used 5950K, committed 6528K, reserved 1048576K
}
Event: 195.292 GC heap after
{Heap after GC invocations=38 (full 2):
 PSYoungGen      total 12800K, used 832K [0x00000000d5580000, 0x00000000d6600000, 0x0000000100000000)
  eden space 11776K, 0% used [0x00000000d5580000,0x00000000d5580000,0x00000000d6100000)
  from space 1024K, 81% used [0x00000000d6500000,0x00000000d65d0020,0x00000000d6600000)
  to   space 2048K, 0% used [0x00000000d6200000,0x00000000d6200000,0x00000000d6400000)
 ParOldGen       total 68608K, used 57706K [0x0000000080000000, 0x0000000084300000, 0x00000000d5580000)
  object space 68608K, 84% used [0x0000000080000000,0x000000008385aa38,0x0000000084300000)
 Metaspace       used 55070K, committed 56448K, reserved 1114112K
  class space    used 5950K, committed 6528K, reserved 1048576K
}
Event: 203.415 GC heap before
{Heap before GC invocations=39 (full 2):
 PSYoungGen      total 12800K, used 12608K [0x00000000d5580000, 0x00000000d6600000, 0x0000000100000000)
  eden space 11776K, 100% used [0x00000000d5580000,0x00000000d6100000,0x00000000d6100000)
  from space 1024K, 81% used [0x00000000d6500000,0x00000000d65d0020,0x00000000d6600000)
  to   space 2048K, 0% used [0x00000000d6200000,0x00000000d6200000,0x00000000d6400000)
 ParOldGen       total 68608K, used 57706K [0x0000000080000000, 0x0000000084300000, 0x00000000d5580000)
  object space 68608K, 84% used [0x0000000080000000,0x000000008385aa38,0x0000000084300000)
 Metaspace       used 55324K, committed 56640K, reserved 1114112K
  class space    used 5970K, committed 6528K, reserved 1048576K
}
Event: 203.438 GC heap after
{Heap after GC invocations=39 (full 2):
 PSYoungGen      total 13824K, used 715K [0x00000000d5580000, 0x00000000d6580000, 0x0000000100000000)
  eden space 11776K, 0% used [0x00000000d5580000,0x00000000d5580000,0x00000000d6100000)
  from space 2048K, 34% used [0x00000000d6200000,0x00000000d62b2d30,0x00000000d6400000)
  to   space 1024K, 0% used [0x00000000d6480000,0x00000000d6480000,0x00000000d6580000)
 ParOldGen       total 68608K, used 58452K [0x0000000080000000, 0x0000000084300000, 0x00000000d5580000)
  object space 68608K, 85% used [0x0000000080000000,0x00000000839153e8,0x0000000084300000)
 Metaspace       used 55324K, committed 56640K, reserved 1114112K
  class space    used 5970K, committed 6528K, reserved 1048576K
}
Event: 212.734 GC heap before
{Heap before GC invocations=40 (full 2):
 PSYoungGen      total 13824K, used 12491K [0x00000000d5580000, 0x00000000d6580000, 0x0000000100000000)
  eden space 11776K, 100% used [0x00000000d5580000,0x00000000d6100000,0x00000000d6100000)
  from space 2048K, 34% used [0x00000000d6200000,0x00000000d62b2d30,0x00000000d6400000)
  to   space 1024K, 0% used [0x00000000d6480000,0x00000000d6480000,0x00000000d6580000)
 ParOldGen       total 68608K, used 58452K [0x0000000080000000, 0x0000000084300000, 0x00000000d5580000)
  object space 68608K, 85% used [0x0000000080000000,0x00000000839153e8,0x0000000084300000)
 Metaspace       used 55387K, committed 56704K, reserved 1114112K
  class space    used 5984K, committed 6528K, reserved 1048576K
}
Event: 212.742 GC heap after
{Heap after GC invocations=40 (full 2):
 PSYoungGen      total 12288K, used 352K [0x00000000d5580000, 0x00000000d6500000, 0x0000000100000000)
  eden space 11776K, 0% used [0x00000000d5580000,0x00000000d5580000,0x00000000d6100000)
  from space 512K, 68% used [0x00000000d6480000,0x00000000d64d8000,0x00000000d6500000)
  to   space 1024K, 0% used [0x00000000d6300000,0x00000000d6300000,0x00000000d6400000)
 ParOldGen       total 68608K, used 58950K [0x0000000080000000, 0x0000000084300000, 0x00000000d5580000)
  object space 68608K, 85% used [0x0000000080000000,0x0000000083991a48,0x0000000084300000)
 Metaspace       used 55387K, committed 56704K, reserved 1114112K
  class space    used 5984K, committed 6528K, reserved 1048576K
}
Event: 220.798 GC heap before
{Heap before GC invocations=41 (full 2):
 PSYoungGen      total 12288K, used 12128K [0x00000000d5580000, 0x00000000d6500000, 0x0000000100000000)
  eden space 11776K, 100% used [0x00000000d5580000,0x00000000d6100000,0x00000000d6100000)
  from space 512K, 68% used [0x00000000d6480000,0x00000000d64d8000,0x00000000d6500000)
  to   space 1024K, 0% used [0x00000000d6300000,0x00000000d6300000,0x00000000d6400000)
 ParOldGen       total 68608K, used 58950K [0x0000000080000000, 0x0000000084300000, 0x00000000d5580000)
  object space 68608K, 85% used [0x0000000080000000,0x0000000083991a48,0x0000000084300000)
 Metaspace       used 56356K, committed 57664K, reserved 1114112K
  class space    used 6078K, committed 6656K, reserved 1048576K
}
Event: 220.810 GC heap after
{Heap after GC invocations=41 (full 2):
 PSYoungGen      total 12800K, used 992K [0x00000000d5580000, 0x00000000d6600000, 0x0000000100000000)
  eden space 11776K, 0% used [0x00000000d5580000,0x00000000d5580000,0x00000000d6100000)
  from space 1024K, 96% used [0x00000000d6300000,0x00000000d63f8020,0x00000000d6400000)
  to   space 2048K, 0% used [0x00000000d6400000,0x00000000d6400000,0x00000000d6600000)
 ParOldGen       total 68608K, used 60010K [0x0000000080000000, 0x0000000084300000, 0x00000000d5580000)
  object space 68608K, 87% used [0x0000000080000000,0x0000000083a9aa58,0x0000000084300000)
 Metaspace       used 56356K, committed 57664K, reserved 1114112K
  class space    used 6078K, committed 6656K, reserved 1048576K
}
Event: 223.981 GC heap before
{Heap before GC invocations=42 (full 2):
 PSYoungGen      total 12800K, used 12768K [0x00000000d5580000, 0x00000000d6600000, 0x0000000100000000)
  eden space 11776K, 100% used [0x00000000d5580000,0x00000000d6100000,0x00000000d6100000)
  from space 1024K, 96% used [0x00000000d6300000,0x00000000d63f8020,0x00000000d6400000)
  to   space 2048K, 0% used [0x00000000d6400000,0x00000000d6400000,0x00000000d6600000)
 ParOldGen       total 68608K, used 60010K [0x0000000080000000, 0x0000000084300000, 0x00000000d5580000)
  object space 68608K, 87% used [0x0000000080000000,0x0000000083a9aa58,0x0000000084300000)
 Metaspace       used 56558K, committed 57856K, reserved 1114112K
  class space    used 6080K, committed 6656K, reserved 1048576K
}
Event: 223.989 GC heap after
{Heap after GC invocations=42 (full 2):
 PSYoungGen      total 13312K, used 1536K [0x00000000d5580000, 0x00000000d6580000, 0x0000000100000000)
  eden space 11776K, 0% used [0x00000000d5580000,0x00000000d5580000,0x00000000d6100000)
  from space 1536K, 100% used [0x00000000d6400000,0x00000000d6580000,0x00000000d6580000)
  to   space 2048K, 0% used [0x00000000d6180000,0x00000000d6180000,0x00000000d6380000)
 ParOldGen       total 68608K, used 60942K [0x0000000080000000, 0x0000000084300000, 0x00000000d5580000)
  object space 68608K, 88% used [0x0000000080000000,0x0000000083b83a88,0x0000000084300000)
 Metaspace       used 56558K, committed 57856K, reserved 1114112K
  class space    used 6080K, committed 6656K, reserved 1048576K
}
Event: 225.947 GC heap before
{Heap before GC invocations=43 (full 2):
 PSYoungGen      total 13312K, used 13312K [0x00000000d5580000, 0x00000000d6580000, 0x0000000100000000)
  eden space 11776K, 100% used [0x00000000d5580000,0x00000000d6100000,0x00000000d6100000)
  from space 1536K, 100% used [0x00000000d6400000,0x00000000d6580000,0x00000000d6580000)
  to   space 2048K, 0% used [0x00000000d6180000,0x00000000d6180000,0x00000000d6380000)
 ParOldGen       total 68608K, used 60942K [0x0000000080000000, 0x0000000084300000, 0x00000000d5580000)
  object space 68608K, 88% used [0x0000000080000000,0x0000000083b83a88,0x0000000084300000)
 Metaspace       used 56649K, committed 57984K, reserved 1114112K
  class space    used 6081K, committed 6656K, reserved 1048576K
}
Event: 225.961 GC heap after
{Heap after GC invocations=43 (full 2):
 PSYoungGen      total 13312K, used 1312K [0x00000000d5580000, 0x00000000d6480000, 0x0000000100000000)
  eden space 11776K, 0% used [0x00000000d5580000,0x00000000d5580000,0x00000000d6100000)
  from space 1536K, 85% used [0x00000000d6180000,0x00000000d62c8000,0x00000000d6300000)
  to   space 1536K, 0% used [0x00000000d6300000,0x00000000d6300000,0x00000000d6480000)
 ParOldGen       total 68608K, used 62374K [0x0000000080000000, 0x0000000084300000, 0x00000000d5580000)
  object space 68608K, 90% used [0x0000000080000000,0x0000000083ce9a88,0x0000000084300000)
 Metaspace       used 56649K, committed 57984K, reserved 1114112K
  class space    used 6081K, committed 6656K, reserved 1048576K
}
Event: 229.117 GC heap before
{Heap before GC invocations=44 (full 2):
 PSYoungGen      total 13312K, used 13088K [0x00000000d5580000, 0x00000000d6480000, 0x0000000100000000)
  eden space 11776K, 100% used [0x00000000d5580000,0x00000000d6100000,0x00000000d6100000)
  from space 1536K, 85% used [0x00000000d6180000,0x00000000d62c8000,0x00000000d6300000)
  to   space 1536K, 0% used [0x00000000d6300000,0x00000000d6300000,0x00000000d6480000)
 ParOldGen       total 68608K, used 62374K [0x0000000080000000, 0x0000000084300000, 0x00000000d5580000)
  object space 68608K, 90% used [0x0000000080000000,0x0000000083ce9a88,0x0000000084300000)
 Metaspace       used 56784K, committed 58112K, reserved 1114112K
  class space    used 6081K, committed 6656K, reserved 1048576K
}
Event: 229.123 GC heap after
{Heap after GC invocations=44 (full 2):
 PSYoungGen      total 13312K, used 1136K [0x00000000d5580000, 0x00000000d6480000, 0x0000000100000000)
  eden space 11776K, 0% used [0x00000000d5580000,0x00000000d5580000,0x00000000d6100000)
  from space 1536K, 73% used [0x00000000d6300000,0x00000000d641c010,0x00000000d6480000)
  to   space 1536K, 0% used [0x00000000d6180000,0x00000000d6180000,0x00000000d6300000)
 ParOldGen       total 68608K, used 63550K [0x0000000080000000, 0x0000000084300000, 0x00000000d5580000)
  object space 68608K, 92% used [0x0000000080000000,0x0000000083e0f888,0x0000000084300000)
 Metaspace       used 56784K, committed 58112K, reserved 1114112K
  class space    used 6081K, committed 6656K, reserved 1048576K
}
Event: 234.952 GC heap before
{Heap before GC invocations=45 (full 2):
 PSYoungGen      total 13312K, used 12912K [0x00000000d5580000, 0x00000000d6480000, 0x0000000100000000)
  eden space 11776K, 100% used [0x00000000d5580000,0x00000000d6100000,0x00000000d6100000)
  from space 1536K, 73% used [0x00000000d6300000,0x00000000d641c010,0x00000000d6480000)
  to   space 1536K, 0% used [0x00000000d6180000,0x00000000d6180000,0x00000000d6300000)
 ParOldGen       total 68608K, used 63550K [0x0000000080000000, 0x0000000084300000, 0x00000000d5580000)
  object space 68608K, 92% used [0x0000000080000000,0x0000000083e0f888,0x0000000084300000)
 Metaspace       used 56970K, committed 58304K, reserved 1114112K
  class space    used 6092K, committed 6656K, reserved 1048576K
}
Event: 234.962 GC heap after
{Heap after GC invocations=45 (full 2):
 PSYoungGen      total 13312K, used 1312K [0x00000000d5580000, 0x00000000d6400000, 0x0000000100000000)
  eden space 11776K, 0% used [0x00000000d5580000,0x00000000d5580000,0x00000000d6100000)
  from space 1536K, 85% used [0x00000000d6180000,0x00000000d62c8000,0x00000000d6300000)
  to   space 1024K, 0% used [0x00000000d6300000,0x00000000d6300000,0x00000000d6400000)
 ParOldGen       total 68608K, used 64501K [0x0000000080000000, 0x0000000084300000, 0x00000000d5580000)
  object space 68608K, 94% used [0x0000000080000000,0x0000000083efd678,0x0000000084300000)
 Metaspace       used 56970K, committed 58304K, reserved 1114112K
  class space    used 6092K, committed 6656K, reserved 1048576K
}
Event: 246.142 GC heap before
{Heap before GC invocations=46 (full 2):
 PSYoungGen      total 13312K, used 13087K [0x00000000d5580000, 0x00000000d6400000, 0x0000000100000000)
  eden space 11776K, 99% used [0x00000000d5580000,0x00000000d60fffb8,0x00000000d6100000)
  from space 1536K, 85% used [0x00000000d6180000,0x00000000d62c8000,0x00000000d6300000)
  to   space 1024K, 0% used [0x00000000d6300000,0x00000000d6300000,0x00000000d6400000)
 ParOldGen       total 68608K, used 64501K [0x0000000080000000, 0x0000000084300000, 0x00000000d5580000)
  object space 68608K, 94% used [0x0000000080000000,0x0000000083efd678,0x0000000084300000)
 Metaspace       used 57270K, committed 58560K, reserved 1114112K
  class space    used 6130K, committed 6656K, reserved 1048576K
}
Event: 246.152 GC heap after
{Heap after GC invocations=46 (full 2):
 PSYoungGen      total 12800K, used 1008K [0x00000000d5580000, 0x00000000d6500000, 0x0000000100000000)
  eden space 11776K, 0% used [0x00000000d5580000,0x00000000d5580000,0x00000000d6100000)
  from space 1024K, 98% used [0x00000000d6300000,0x00000000d63fc010,0x00000000d6400000)
  to   space 2048K, 0% used [0x00000000d6100000,0x00000000d6100000,0x00000000d6300000)
 ParOldGen       total 68608K, used 65245K [0x0000000080000000, 0x0000000084300000, 0x00000000d5580000)
  object space 68608K, 95% used [0x0000000080000000,0x0000000083fb7468,0x0000000084300000)
 Metaspace       used 57270K, committed 58560K, reserved 1114112K
  class space    used 6130K, committed 6656K, reserved 1048576K
}

