# JRE version: OpenJDK Runtime Environment Temurin-21.0.11+10 (21.0.11+10) (build 21.0.11+10-LTS)
# Java VM: OpenJDK 64-Bit Server VM Temurin-21.0.11+10 (21.0.11+10-LTS, mixed mode, sharing, tiered, compressed oops, compressed class ptrs, parallel gc, windows-amd64)
GC Precious Log:
 CardTable entry size: 512
 CPUs: 4 total, 4 available
 Memory: 3690M
 Large Page Support: Disabled
 NUMA Support: Disabled
 Compressed Oops: Enabled (32-bit)
 Alignments: Space 512K, Generation 512K, Heap 2M
 Heap Min Capacity: 100M
 Heap Initial Capacity: 100M
 Heap Max Capacity: 2G
 Pre-touch: Disabled
 Parallel Workers: 4
Heap:
 PSYoungGen      total 12800K, used 7612K [0x00000000d5580000, 0x00000000d6400000, 0x0000000100000000)
  eden space 11264K, 56% used [0x00000000d5580000,0x00000000d5bbde08,0x00000000d6080000)
  from space 1536K, 79% used [0x00000000d6280000,0x00000000d63b1250,0x00000000d6400000)
  to   space 1536K, 0% used [0x00000000d6100000,0x00000000d6100000,0x00000000d6280000)
 ParOldGen       total 80384K, used 80122K [0x0000000080000000, 0x0000000084e80000, 0x00000000d5580000)
  object space 80384K, 99% used [0x0000000080000000,0x0000000084e3eb38,0x0000000084e80000)
 Metaspace       used 69923K, committed 71488K, reserved 1114112K
  class space    used 7366K, committed 8000K, reserved 1048576K
GC Heap History (20 events):
Event: 51.400 GC heap before
{Heap before GC invocations=84 (full 3):
 PSYoungGen      total 12288K, used 12288K [0x00000000d5580000, 0x00000000d6500000, 0x0000000100000000)
  eden space 11264K, 100% used [0x00000000d5580000,0x00000000d6080000,0x00000000d6080000)
  from space 1024K, 100% used [0x00000000d6280000,0x00000000d6380000,0x00000000d6380000)
  to   space 2048K, 0% used [0x00000000d6080000,0x00000000d6080000,0x00000000d6280000)
 ParOldGen       total 74240K, used 74234K [0x0000000080000000, 0x0000000084880000, 0x00000000d5580000)
  object space 74240K, 99% used [0x0000000080000000,0x000000008487e910,0x0000000084880000)
 Metaspace       used 66824K, committed 68288K, reserved 1114112K
  class space    used 7076K, committed 7680K, reserved 1048576K
}
Event: 51.406 GC heap after
{Heap after GC invocations=84 (full 3):
 PSYoungGen      total 12800K, used 1056K [0x00000000d5580000, 0x00000000d6380000, 0x0000000100000000)
  eden space 11264K, 0% used [0x00000000d5580000,0x00000000d5580000,0x00000000d6080000)
  from space 1536K, 68% used [0x00000000d6080000,0x00000000d6188000,0x00000000d6200000)
  to   space 1536K, 0% used [0x00000000d6200000,0x00000000d6200000,0x00000000d6380000)
 ParOldGen       total 75264K, used 75217K [0x0000000080000000, 0x0000000084980000, 0x00000000d5580000)
  object space 75264K, 99% used [0x0000000080000000,0x0000000084974720,0x0000000084980000)
 Metaspace       used 66824K, committed 68288K, reserved 1114112K
  class space    used 7076K, committed 7680K, reserved 1048576K
}
Event: 51.673 GC heap before
{Heap before GC invocations=85 (full 3):
 PSYoungGen      total 12800K, used 12320K [0x00000000d5580000, 0x00000000d6380000, 0x0000000100000000)
  eden space 11264K, 100% used [0x00000000d5580000,0x00000000d6080000,0x00000000d6080000)
  from space 1536K, 68% used [0x00000000d6080000,0x00000000d6188000,0x00000000d6200000)
  to   space 1536K, 0% used [0x00000000d6200000,0x00000000d6200000,0x00000000d6380000)
 ParOldGen       total 75264K, used 75217K [0x0000000080000000, 0x0000000084980000, 0x00000000d5580000)
  object space 75264K, 99% used [0x0000000080000000,0x0000000084974720,0x0000000084980000)
 Metaspace       used 66937K, committed 68416K, reserved 1114112K
  class space    used 7077K, committed 7680K, reserved 1048576K
}
Event: 51.677 GC heap after
{Heap after GC invocations=85 (full 3):
 PSYoungGen      total 12800K, used 1344K [0x00000000d5580000, 0x00000000d6380000, 0x0000000100000000)
  eden space 11264K, 0% used [0x00000000d5580000,0x00000000d5580000,0x00000000d6080000)
  from space 1536K, 87% used [0x00000000d6200000,0x00000000d6350000,0x00000000d6380000)
  to   space 1536K, 0% used [0x00000000d6080000,0x00000000d6080000,0x00000000d6200000)
 ParOldGen       total 76288K, used 75885K [0x0000000080000000, 0x0000000084a80000, 0x00000000d5580000)
  object space 76288K, 99% used [0x0000000080000000,0x0000000084a1b730,0x0000000084a80000)
 Metaspace       used 66937K, committed 68416K, reserved 1114112K
  class space    used 7077K, committed 7680K, reserved 1048576K
}
Event: 52.383 GC heap before
{Heap before GC invocations=86 (full 3):
 PSYoungGen      total 12800K, used 12608K [0x00000000d5580000, 0x00000000d6380000, 0x0000000100000000)
  eden space 11264K, 100% used [0x00000000d5580000,0x00000000d6080000,0x00000000d6080000)
  from space 1536K, 87% used [0x00000000d6200000,0x00000000d6350000,0x00000000d6380000)
  to   space 1536K, 0% used [0x00000000d6080000,0x00000000d6080000,0x00000000d6200000)
 ParOldGen       total 76288K, used 75885K [0x0000000080000000, 0x0000000084a80000, 0x00000000d5580000)
  object space 76288K, 99% used [0x0000000080000000,0x0000000084a1b730,0x0000000084a80000)
 Metaspace       used 67411K, committed 68928K, reserved 1114112K
  class space    used 7129K, committed 7744K, reserved 1048576K
}
Event: 52.387 GC heap after
{Heap after GC invocations=86 (full 3):
 PSYoungGen      total 12800K, used 960K [0x00000000d5580000, 0x00000000d6380000, 0x0000000100000000)
  eden space 11264K, 0% used [0x00000000d5580000,0x00000000d5580000,0x00000000d6080000)
  from space 1536K, 62% used [0x00000000d6080000,0x00000000d6170020,0x00000000d6200000)
  to   space 1536K, 0% used [0x00000000d6200000,0x00000000d6200000,0x00000000d6380000)
 ParOldGen       total 76800K, used 76621K [0x0000000080000000, 0x0000000084b00000, 0x00000000d5580000)
  object space 76800K, 99% used [0x0000000080000000,0x0000000084ad3730,0x0000000084b00000)
 Metaspace       used 67411K, committed 68928K, reserved 1114112K
  class space    used 7129K, committed 7744K, reserved 1048576K
}
Event: 52.750 GC heap before
{Heap before GC invocations=87 (full 3):
 PSYoungGen      total 12800K, used 12224K [0x00000000d5580000, 0x00000000d6380000, 0x0000000100000000)
  eden space 11264K, 100% used [0x00000000d5580000,0x00000000d6080000,0x00000000d6080000)
  from space 1536K, 62% used [0x00000000d6080000,0x00000000d6170020,0x00000000d6200000)
  to   space 1536K, 0% used [0x00000000d6200000,0x00000000d6200000,0x00000000d6380000)
 ParOldGen       total 76800K, used 76621K [0x0000000080000000, 0x0000000084b00000, 0x00000000d5580000)
  object space 76800K, 99% used [0x0000000080000000,0x0000000084ad3730,0x0000000084b00000)
 Metaspace       used 67752K, committed 69248K, reserved 1114112K
  class space    used 7173K, committed 7808K, reserved 1048576K
}
Event: 52.755 GC heap after
{Heap after GC invocations=87 (full 3):
 PSYoungGen      total 12800K, used 1184K [0x00000000d5580000, 0x00000000d6380000, 0x0000000100000000)
  eden space 11264K, 0% used [0x00000000d5580000,0x00000000d5580000,0x00000000d6080000)
  from space 1536K, 77% used [0x00000000d6200000,0x00000000d6328000,0x00000000d6380000)
  to   space 1536K, 0% used [0x00000000d6080000,0x00000000d6080000,0x00000000d6200000)
 ParOldGen       total 77312K, used 77182K [0x0000000080000000, 0x0000000084b80000, 0x00000000d5580000)
  object space 77312K, 99% used [0x0000000080000000,0x0000000084b5f9b0,0x0000000084b80000)
 Metaspace       used 67752K, committed 69248K, reserved 1114112K
  class space    used 7173K, committed 7808K, reserved 1048576K
}
Event: 53.489 GC heap before
{Heap before GC invocations=88 (full 3):
 PSYoungGen      total 12800K, used 12448K [0x00000000d5580000, 0x00000000d6380000, 0x0000000100000000)
  eden space 11264K, 100% used [0x00000000d5580000,0x00000000d6080000,0x00000000d6080000)
  from space 1536K, 77% used [0x00000000d6200000,0x00000000d6328000,0x00000000d6380000)
  to   space 1536K, 0% used [0x00000000d6080000,0x00000000d6080000,0x00000000d6200000)
 ParOldGen       total 77312K, used 77182K [0x0000000080000000, 0x0000000084b80000, 0x00000000d5580000)
  object space 77312K, 99% used [0x0000000080000000,0x0000000084b5f9b0,0x0000000084b80000)
 Metaspace       used 68421K, committed 69952K, reserved 1114112K
  class space    used 7254K, committed 7872K, reserved 1048576K
}
Event: 53.494 GC heap after
{Heap after GC invocations=88 (full 3):
 PSYoungGen      total 12288K, used 544K [0x00000000d5580000, 0x00000000d6280000, 0x0000000100000000)
  eden space 11264K, 0% used [0x00000000d5580000,0x00000000d5580000,0x00000000d6080000)
  from space 1024K, 53% used [0x00000000d6080000,0x00000000d6108000,0x00000000d6180000)
  to   space 1024K, 0% used [0x00000000d6180000,0x00000000d6180000,0x00000000d6280000)
 ParOldGen       total 78336K, used 77966K [0x0000000080000000, 0x0000000084c80000, 0x00000000d5580000)
  object space 78336K, 99% used [0x0000000080000000,0x0000000084c239b0,0x0000000084c80000)
 Metaspace       used 68421K, committed 69952K, reserved 1114112K
  class space    used 7254K, committed 7872K, reserved 1048576K
}
Event: 54.847 GC heap before
{Heap before GC invocations=89 (full 3):
 PSYoungGen      total 12288K, used 11522K [0x00000000d5580000, 0x00000000d6280000, 0x0000000100000000)
  eden space 11264K, 97% used [0x00000000d5580000,0x00000000d6038908,0x00000000d6080000)
  from space 1024K, 53% used [0x00000000d6080000,0x00000000d6108000,0x00000000d6180000)
  to   space 1024K, 0% used [0x00000000d6180000,0x00000000d6180000,0x00000000d6280000)
 ParOldGen       total 78336K, used 77966K [0x0000000080000000, 0x0000000084c80000, 0x00000000d5580000)
  object space 78336K, 99% used [0x0000000080000000,0x0000000084c239b0,0x0000000084c80000)
 Metaspace       used 68694K, committed 70208K, reserved 1114112K
  class space    used 7283K, committed 7872K, reserved 1048576K
}
Event: 54.850 GC heap after
{Heap after GC invocations=89 (full 3):
 PSYoungGen      total 11776K, used 384K [0x00000000d5580000, 0x00000000d6200000, 0x0000000100000000)
  eden space 11264K, 0% used [0x00000000d5580000,0x00000000d5580000,0x00000000d6080000)
  from space 512K, 75% used [0x00000000d6180000,0x00000000d61e0020,0x00000000d6200000)
  to   space 512K, 0% used [0x00000000d6100000,0x00000000d6100000,0x00000000d6180000)
 ParOldGen       total 78848K, used 78416K [0x0000000080000000, 0x0000000084d00000, 0x00000000d5580000)
  object space 78848K, 99% used [0x0000000080000000,0x0000000084c94228,0x0000000084d00000)
 Metaspace       used 68694K, committed 70208K, reserved 1114112K
  class space    used 7283K, committed 7872K, reserved 1048576K
}
Event: 57.274 GC heap before
{Heap before GC invocations=90 (full 3):
 PSYoungGen      total 11776K, used 11637K [0x00000000d5580000, 0x00000000d6200000, 0x0000000100000000)
  eden space 11264K, 99% used [0x00000000d5580000,0x00000000d607d788,0x00000000d6080000)
  from space 512K, 75% used [0x00000000d6180000,0x00000000d61e0020,0x00000000d6200000)
  to   space 512K, 0% used [0x00000000d6100000,0x00000000d6100000,0x00000000d6180000)
 ParOldGen       total 78848K, used 78416K [0x0000000080000000, 0x0000000084d00000, 0x00000000d5580000)
  object space 78848K, 99% used [0x0000000080000000,0x0000000084c94228,0x0000000084d00000)
 Metaspace       used 68789K, committed 70336K, reserved 1114112K
  class space    used 7289K, committed 7872K, reserved 1048576K
}
Event: 57.278 GC heap after
{Heap after GC invocations=90 (full 3):
 PSYoungGen      total 11776K, used 276K [0x00000000d5580000, 0x00000000d6200000, 0x0000000100000000)
  eden space 11264K, 0% used [0x00000000d5580000,0x00000000d5580000,0x00000000d6080000)
  from space 512K, 54% used [0x00000000d6100000,0x00000000d6145220,0x00000000d6180000)
  to   space 512K, 0% used [0x00000000d6180000,0x00000000d6180000,0x00000000d6200000)
 ParOldGen       total 78848K, used 78608K [0x0000000080000000, 0x0000000084d00000, 0x00000000d5580000)
  object space 78848K, 99% used [0x0000000080000000,0x0000000084cc4278,0x0000000084d00000)
 Metaspace       used 68789K, committed 70336K, reserved 1114112K
  class space    used 7289K, committed 7872K, reserved 1048576K
}
Event: 341.199 GC heap before
{Heap before GC invocations=91 (full 3):
 PSYoungGen      total 11776K, used 11540K [0x00000000d5580000, 0x00000000d6200000, 0x0000000100000000)
  eden space 11264K, 99% used [0x00000000d5580000,0x00000000d607ffe8,0x00000000d6080000)
  from space 512K, 54% used [0x00000000d6100000,0x00000000d6145220,0x00000000d6180000)
  to   space 512K, 0% used [0x00000000d6180000,0x00000000d6180000,0x00000000d6200000)
 ParOldGen       total 78848K, used 78608K [0x0000000080000000, 0x0000000084d00000, 0x00000000d5580000)
  object space 78848K, 99% used [0x0000000080000000,0x0000000084cc4278,0x0000000084d00000)
 Metaspace       used 69152K, committed 70656K, reserved 1114112K
  class space    used 7327K, committed 7936K, reserved 1048576K
}
Event: 341.329 GC heap after
{Heap after GC invocations=91 (full 3):
 PSYoungGen      total 11776K, used 192K [0x00000000d5580000, 0x00000000d6200000, 0x0000000100000000)
  eden space 11264K, 0% used [0x00000000d5580000,0x00000000d5580000,0x00000000d6080000)
  from space 512K, 37% used [0x00000000d6180000,0x00000000d61b0000,0x00000000d6200000)
  to   space 512K, 0% used [0x00000000d6100000,0x00000000d6100000,0x00000000d6180000)
 ParOldGen       total 78848K, used 78760K [0x0000000080000000, 0x0000000084d00000, 0x00000000d5580000)
  object space 78848K, 99% used [0x0000000080000000,0x0000000084cea298,0x0000000084d00000)
 Metaspace       used 69152K, committed 70656K, reserved 1114112K
  class space    used 7327K, committed 7936K, reserved 1048576K
}
Event: 749.472 GC heap before
{Heap before GC invocations=92 (full 3):
 PSYoungGen      total 11776K, used 11456K [0x00000000d5580000, 0x00000000d6200000, 0x0000000100000000)
  eden space 11264K, 100% used [0x00000000d5580000,0x00000000d6080000,0x00000000d6080000)
  from space 512K, 37% used [0x00000000d6180000,0x00000000d61b0000,0x00000000d6200000)
  to   space 512K, 0% used [0x00000000d6100000,0x00000000d6100000,0x00000000d6180000)
 ParOldGen       total 78848K, used 78760K [0x0000000080000000, 0x0000000084d00000, 0x00000000d5580000)
  object space 78848K, 99% used [0x0000000080000000,0x0000000084cea298,0x0000000084d00000)
 Metaspace       used 69600K, committed 71168K, reserved 1114112K
  class space    used 7360K, committed 8000K, reserved 1048576K
}
Event: 749.518 GC heap after
{Heap after GC invocations=92 (full 3):
 PSYoungGen      total 11776K, used 508K [0x00000000d5580000, 0x00000000d6480000, 0x0000000100000000)
  eden space 11264K, 0% used [0x00000000d5580000,0x00000000d5580000,0x00000000d6080000)
  from space 512K, 99% used [0x00000000d6100000,0x00000000d617f3b8,0x00000000d6180000)
  to   space 2048K, 0% used [0x00000000d6280000,0x00000000d6280000,0x00000000d6480000)
 ParOldGen       total 79872K, used 79623K [0x0000000080000000, 0x0000000084e00000, 0x00000000d5580000)
  object space 79872K, 99% used [0x0000000080000000,0x0000000084dc1dd8,0x0000000084e00000)
 Metaspace       used 69600K, committed 71168K, reserved 1114112K
  class space    used 7360K, committed 8000K, reserved 1048576K
}
Event: 768.366 GC heap before
{Heap before GC invocations=93 (full 3):
 PSYoungGen      total 11776K, used 11772K [0x00000000d5580000, 0x00000000d6480000, 0x0000000100000000)
  eden space 11264K, 100% used [0x00000000d5580000,0x00000000d6080000,0x00000000d6080000)
  from space 512K, 99% used [0x00000000d6100000,0x00000000d617f3b8,0x00000000d6180000)
  to   space 2048K, 0% used [0x00000000d6280000,0x00000000d6280000,0x00000000d6480000)
 ParOldGen       total 79872K, used 79623K [0x0000000080000000, 0x0000000084e00000, 0x00000000d5580000)
  object space 79872K, 99% used [0x0000000080000000,0x0000000084dc1dd8,0x0000000084e00000)
 Metaspace       used 69826K, committed 71360K, reserved 1114112K
  class space    used 7365K, committed 8000K, reserved 1048576K
}
Event: 768.402 GC heap after
{Heap after GC invocations=93 (full 3):
 PSYoungGen      total 12800K, used 1220K [0x00000000d5580000, 0x00000000d6400000, 0x0000000100000000)
  eden space 11264K, 0% used [0x00000000d5580000,0x00000000d5580000,0x00000000d6080000)
  from space 1536K, 79% used [0x00000000d6280000,0x00000000d63b1250,0x00000000d6400000)
  to   space 1536K, 0% used [0x00000000d6100000,0x00000000d6100000,0x00000000d6280000)
 ParOldGen       total 80384K, used 80122K [0x0000000080000000, 0x0000000084e80000, 0x00000000d5580000)
  object space 80384K, 99% used [0x0000000080000000,0x0000000084e3eb38,0x0000000084e80000)
 Metaspace       used 69826K, committed 71360K, reserved 1114112K
  class space    used 7365K, committed 8000K, reserved 1048576K
}

