# JRE version: Java(TM) SE Runtime Environment (26.0.1+8) (build 26.0.1+8-34)
# Java VM: Java HotSpot(TM) 64-Bit Server VM (26.0.1+8-34, mixed mode, emulated-client, sharing, tiered, compressed oops, compressed class ptrs, g1 gc, windows-amd64)
GC Precious Log:
 CardTable entry size: 512
 Card Set container configuration: InlinePtr #cards 5 size 8 Array Of Cards #cards 10 size 36 Howl #buckets 4 coarsen threshold 1843 Howl Bitmap #cards 512 size 80 coarsen threshold 460 Card regions per heap region 1 cards per card region 2048
 CPUs: 4 total, 4 available
 Memory: 3690M
 Large Page Support: Disabled
 NUMA Support: Disabled
 Compressed Oops: Enabled (32-bit)
 Heap Region Size: 1M
 Heap Min Capacity: 8M
 Heap Initial Capacity: 8M
 Heap Max Capacity: 924M
 Pre-touch: Disabled
 Parallel Workers: 4
 Concurrent Workers: 1
 Concurrent Refinement Workers: 4
 Periodic GC: Disabled
Heap:
 garbage-first heap   total reserved 946176K, committed 46080K, used 31405K [0x00000000c6400000, 0x0000000100000000)
  region size 1M, 19 eden (19M), 4 survivor (4M), 9 old (9M), 0 humongous (0M), 13 free (13M)
GC Heap Usage History (20 events):
Event: 12.401 {heap Before GC invocations=15 (full 0):
 garbage-first heap   total reserved 946176K, committed 15360K, used 12206K [0x00000000c6400000, 0x0000000100000000)
  region size 1M, 6 eden (6M), 1 survivor (1M), 6 old (6M), 0 humongous (0M), 2 free (2M)
}
Event: 12.404 {heap After GC invocations=16 (full 0):
 garbage-first heap   total reserved 946176K, committed 15360K, used 6419K [0x00000000c6400000, 0x0000000100000000)
  region size 1M, 0 eden (0M), 1 survivor (1M), 6 old (6M), 0 humongous (0M), 8 free (8M)
}
Event: 12.613 {heap Before GC invocations=16 (full 0):
 garbage-first heap   total reserved 946176K, committed 15360K, used 12563K [0x00000000c6400000, 0x0000000100000000)
  region size 1M, 6 eden (6M), 1 survivor (1M), 6 old (6M), 0 humongous (0M), 2 free (2M)
}
Event: 12.618 {heap After GC invocations=17 (full 0):
 garbage-first heap   total reserved 946176K, committed 15360K, used 6877K [0x00000000c6400000, 0x0000000100000000)
  region size 1M, 0 eden (0M), 1 survivor (1M), 6 old (6M), 0 humongous (0M), 8 free (8M)
}
Event: 12.984 {heap Before GC invocations=17 (full 0):
 garbage-first heap   total reserved 946176K, committed 15360K, used 13021K [0x00000000c6400000, 0x0000000100000000)
  region size 1M, 6 eden (6M), 1 survivor (1M), 6 old (6M), 0 humongous (0M), 2 free (2M)
}
Event: 12.987 {heap After GC invocations=18 (full 0):
 garbage-first heap   total reserved 946176K, committed 15360K, used 7396K [0x00000000c6400000, 0x0000000100000000)
  region size 1M, 0 eden (0M), 1 survivor (1M), 7 old (7M), 0 humongous (0M), 7 free (7M)
}
Event: 13.260 {heap Before GC invocations=18 (full 0):
 garbage-first heap   total reserved 946176K, committed 15360K, used 12516K [0x00000000c6400000, 0x0000000100000000)
  region size 1M, 5 eden (5M), 1 survivor (1M), 7 old (7M), 0 humongous (0M), 2 free (2M)
}
Event: 13.263 {heap After GC invocations=19 (full 0):
 garbage-first heap   total reserved 946176K, committed 15360K, used 7827K [0x00000000c6400000, 0x0000000100000000)
  region size 1M, 0 eden (0M), 1 survivor (1M), 8 old (8M), 0 humongous (0M), 6 free (6M)
}
Event: 13.362 {heap Before GC invocations=19 (full 0):
 garbage-first heap   total reserved 946176K, committed 15360K, used 11923K [0x00000000c6400000, 0x0000000100000000)
  region size 1M, 4 eden (4M), 1 survivor (1M), 8 old (8M), 0 humongous (0M), 2 free (2M)
}
Event: 13.365 {heap After GC invocations=20 (full 0):
 garbage-first heap   total reserved 946176K, committed 15360K, used 8367K [0x00000000c6400000, 0x0000000100000000)
  region size 1M, 0 eden (0M), 1 survivor (1M), 8 old (8M), 0 humongous (0M), 6 free (6M)
}
Event: 13.680 {heap Before GC invocations=21 (full 0):
 garbage-first heap   total reserved 946176K, committed 15360K, used 11439K [0x00000000c6400000, 0x0000000100000000)
  region size 1M, 4 eden (4M), 1 survivor (1M), 8 old (8M), 0 humongous (0M), 2 free (2M)
}
Event: 13.683 {heap After GC invocations=22 (full 0):
 garbage-first heap   total reserved 946176K, committed 15360K, used 8552K [0x00000000c6400000, 0x0000000100000000)
  region size 1M, 0 eden (0M), 1 survivor (1M), 9 old (9M), 0 humongous (0M), 5 free (5M)
}
Event: 14.034 {heap Before GC invocations=22 (full 0):
 garbage-first heap   total reserved 946176K, committed 15360K, used 11624K [0x00000000c6400000, 0x0000000100000000)
  region size 1M, 4 eden (4M), 1 survivor (1M), 9 old (9M), 0 humongous (0M), 1 free (1M)
}
Event: 14.039 {heap After GC invocations=23 (full 0):
 garbage-first heap   total reserved 946176K, committed 15360K, used 8663K [0x00000000c6400000, 0x0000000100000000)
  region size 1M, 0 eden (0M), 1 survivor (1M), 8 old (8M), 0 humongous (0M), 6 free (6M)
}
Event: 14.360 {heap Before GC invocations=23 (full 0):
 garbage-first heap   total reserved 946176K, committed 15360K, used 11735K [0x00000000c6400000, 0x0000000100000000)
  region size 1M, 4 eden (4M), 1 survivor (1M), 8 old (8M), 0 humongous (0M), 2 free (2M)
}
Event: 14.362 {heap After GC invocations=24 (full 0):
 garbage-first heap   total reserved 946176K, committed 15360K, used 9009K [0x00000000c6400000, 0x0000000100000000)
  region size 1M, 0 eden (0M), 1 survivor (1M), 8 old (8M), 0 humongous (0M), 6 free (6M)
}
Event: 14.875 {heap Before GC invocations=25 (full 0):
 garbage-first heap   total reserved 946176K, committed 15360K, used 13105K [0x00000000c6400000, 0x0000000100000000)
  region size 1M, 4 eden (4M), 1 survivor (1M), 8 old (8M), 0 humongous (0M), 2 free (2M)
}
Event: 14.879 {heap After GC invocations=26 (full 0):
 garbage-first heap   total reserved 946176K, committed 46080K, used 9683K [0x00000000c6400000, 0x0000000100000000)
  region size 1M, 0 eden (0M), 1 survivor (1M), 9 old (9M), 0 humongous (0M), 35 free (35M)
}
Event: 20.039 {heap Before GC invocations=26 (full 0):
 garbage-first heap   total reserved 946176K, committed 46080K, used 34259K [0x00000000c6400000, 0x0000000100000000)
  region size 1M, 25 eden (25M), 1 survivor (1M), 9 old (9M), 0 humongous (0M), 10 free (10M)
}
Event: 20.051 {heap After GC invocations=27 (full 0):
 garbage-first heap   total reserved 946176K, committed 46080K, used 12973K [0x00000000c6400000, 0x0000000100000000)
  region size 1M, 0 eden (0M), 4 survivor (4M), 9 old (9M), 0 humongous (0M), 32 free (32M)
}

