# JRE version: Java(TM) SE Runtime Environment (26.0.1+8) (build 26.0.1+8-34)
# Java VM: Java HotSpot(TM) 64-Bit Server VM (26.0.1+8-34, mixed mode, sharing, tiered, compressed oops, compressed class ptrs, g1 gc, windows-amd64)
GC Precious Log:
 CardTable entry size: 512
 Card Set container configuration: InlinePtr #cards 5 size 8 Array Of Cards #cards 10 size 36 Howl #buckets 4 coarsen threshold 1843 Howl Bitmap #cards 512 size 80 coarsen threshold 460 Card regions per heap region 1 cards per card region 2048
 CPUs: 4 total, 4 available
 Memory: 3690M
 Large Page Support: Disabled
 NUMA Support: Disabled
 Compressed Oops: Enabled (32-bit)
 Heap Region Size: 1M
 Heap Min Capacity: 8M
 Heap Initial Capacity: 8M
 Heap Max Capacity: 924M
 Pre-touch: Disabled
 Parallel Workers: 4
 Concurrent Workers: 1
 Concurrent Refinement Workers: 4
 Periodic GC: Disabled
Heap:
 garbage-first heap   total reserved 946176K, committed 95232K, used 30606K [0x00000000c6400000, 0x0000000100000000)
  region size 1M, 1 eden (1M), 7 survivor (7M), 17 old (17M), 6 humongous (6M), 62 free (62M)
GC Heap Usage History (20 events):
Event: 2.086 {heap Before GC invocations=9 (full 0):
 garbage-first heap   total reserved 946176K, committed 10240K, used 7352K [0x00000000c6400000, 0x0000000100000000)
  region size 1M, 3 eden (3M), 1 survivor (1M), 4 old (4M), 0 humongous (0M), 2 free (2M)
}
Event: 2.088 {heap After GC invocations=10 (full 0):
 garbage-first heap   total reserved 946176K, committed 10240K, used 4509K [0x00000000c6400000, 0x0000000100000000)
  region size 1M, 0 eden (0M), 1 survivor (1M), 4 old (4M), 0 humongous (0M), 5 free (5M)
}
Event: 2.163 {heap Before GC invocations=11 (full 0):
 garbage-first heap   total reserved 946176K, committed 10240K, used 7581K [0x00000000c6400000, 0x0000000100000000)
  region size 1M, 3 eden (3M), 1 survivor (1M), 4 old (4M), 0 humongous (0M), 2 free (2M)
}
Event: 2.165 {heap After GC invocations=12 (full 0):
 garbage-first heap   total reserved 946176K, committed 30720K, used 4521K [0x00000000c6400000, 0x0000000100000000)
  region size 1M, 0 eden (0M), 1 survivor (1M), 4 old (4M), 0 humongous (0M), 25 free (25M)
}
Event: 4.093 {heap Before GC invocations=12 (full 0):
 garbage-first heap   total reserved 946176K, committed 30720K, used 20905K [0x00000000c6400000, 0x0000000100000000)
  region size 1M, 17 eden (17M), 1 survivor (1M), 4 old (4M), 0 humongous (0M), 8 free (8M)
}
Event: 4.097 {heap After GC invocations=13 (full 0):
 garbage-first heap   total reserved 946176K, committed 30720K, used 5281K [0x00000000c6400000, 0x0000000100000000)
  region size 1M, 0 eden (0M), 2 survivor (2M), 4 old (4M), 0 humongous (0M), 24 free (24M)
}
Event: 4.785 {heap Before GC invocations=13 (full 0):
 garbage-first heap   total reserved 946176K, committed 30720K, used 21665K [0x00000000c6400000, 0x0000000100000000)
  region size 1M, 16 eden (16M), 2 survivor (2M), 4 old (4M), 0 humongous (0M), 8 free (8M)
}
Event: 4.793 {heap After GC invocations=14 (full 0):
 garbage-first heap   total reserved 946176K, committed 30720K, used 6780K [0x00000000c6400000, 0x0000000100000000)
  region size 1M, 0 eden (0M), 3 survivor (3M), 4 old (4M), 0 humongous (0M), 23 free (23M)
}
Event: 5.369 {heap Before GC invocations=14 (full 0):
 garbage-first heap   total reserved 946176K, committed 30720K, used 22140K [0x00000000c6400000, 0x0000000100000000)
  region size 1M, 15 eden (15M), 3 survivor (3M), 4 old (4M), 0 humongous (0M), 8 free (8M)
}
Event: 5.381 {heap After GC invocations=15 (full 0):
 garbage-first heap   total reserved 946176K, committed 30720K, used 8103K [0x00000000c6400000, 0x0000000100000000)
  region size 1M, 0 eden (0M), 3 survivor (3M), 5 old (5M), 0 humongous (0M), 22 free (22M)
}
Event: 5.952 {heap Before GC invocations=15 (full 0):
 garbage-first heap   total reserved 946176K, committed 30720K, used 23463K [0x00000000c6400000, 0x0000000100000000)
  region size 1M, 15 eden (15M), 3 survivor (3M), 5 old (5M), 0 humongous (0M), 7 free (7M)
}
Event: 5.965 {heap After GC invocations=16 (full 0):
 garbage-first heap   total reserved 946176K, committed 30720K, used 10038K [0x00000000c6400000, 0x0000000100000000)
  region size 1M, 0 eden (0M), 2 survivor (2M), 8 old (8M), 0 humongous (0M), 20 free (20M)
}
Event: 6.395 {heap Before GC invocations=16 (full 0):
 garbage-first heap   total reserved 946176K, committed 30720K, used 26422K [0x00000000c6400000, 0x0000000100000000)
  region size 1M, 16 eden (16M), 2 survivor (2M), 8 old (8M), 0 humongous (0M), 4 free (4M)
}
Event: 6.402 {heap After GC invocations=17 (full 0):
 garbage-first heap   total reserved 946176K, committed 31744K, used 12364K [0x00000000c6400000, 0x0000000100000000)
  region size 1M, 0 eden (0M), 3 survivor (3M), 10 old (10M), 0 humongous (0M), 18 free (18M)
}
Event: 6.810 {heap Before GC invocations=17 (full 0):
 garbage-first heap   total reserved 946176K, committed 31744K, used 25676K [0x00000000c6400000, 0x0000000100000000)
  region size 1M, 13 eden (13M), 3 survivor (3M), 10 old (10M), 0 humongous (0M), 5 free (5M)
}
Event: 6.822 {heap After GC invocations=18 (full 0):
 garbage-first heap   total reserved 946176K, committed 31744K, used 14336K [0x00000000c6400000, 0x0000000100000000)
  region size 1M, 0 eden (0M), 2 survivor (2M), 12 old (12M), 0 humongous (0M), 17 free (17M)
}
Event: 7.177 {heap Before GC invocations=18 (full 0):
 garbage-first heap   total reserved 946176K, committed 31744K, used 26624K [0x00000000c6400000, 0x0000000100000000)
  region size 1M, 12 eden (12M), 2 survivor (2M), 12 old (12M), 0 humongous (0M), 5 free (5M)
}
Event: 7.183 {heap After GC invocations=19 (full 0):
 garbage-first heap   total reserved 946176K, committed 95232K, used 15159K [0x00000000c6400000, 0x0000000100000000)
  region size 1M, 0 eden (0M), 1 survivor (1M), 14 old (14M), 0 humongous (0M), 78 free (78M)
}
Event: 10.301 {heap Before GC invocations=19 (full 0):
 garbage-first heap   total reserved 946176K, committed 95232K, used 70455K [0x00000000c6400000, 0x0000000100000000)
  region size 1M, 54 eden (54M), 1 survivor (1M), 14 old (14M), 0 humongous (0M), 24 free (24M)
}
Event: 10.310 {heap After GC invocations=20 (full 0):
 garbage-first heap   total reserved 946176K, committed 95232K, used 17988K [0x00000000c6400000, 0x0000000100000000)
  region size 1M, 0 eden (0M), 4 survivor (4M), 14 old (14M), 0 humongous (0M), 75 free (75M)
}

